Copyright 1986-2018 Xilinx, Inc. All Rights Reserved.
------------------------------------------------------------------------------------------
| Tool Version : Vivado v.2018.2 (win64) Build 2258646 Thu Jun 14 20:03:12 MDT 2018
| Date         : Sun Mar 14 01:33:06 2021
| Host         : DESKTOP-6BHNJAC running 64-bit major release  (build 9200)
| Command      : report_control_sets -verbose -file CompactModule_control_sets_placed.rpt
| Design       : CompactModule
| Device       : xc7z010
------------------------------------------------------------------------------------------

Control Set Information

Table of Contents
-----------------
1. Summary
2. Histogram
3. Flip-Flop Distribution
4. Detailed Control Set Information

1. Summary
----------

+----------------------------------------------------------+-------+
|                          Status                          | Count |
+----------------------------------------------------------+-------+
| Number of unique control sets                            |     9 |
| Unused register locations in slices containing registers |    48 |
+----------------------------------------------------------+-------+


2. Histogram
------------

+--------+--------------+
| Fanout | Control Sets |
+--------+--------------+
|      2 |            8 |
|      8 |            1 |
+--------+--------------+


3. Flip-Flop Distribution
-------------------------

+--------------+-----------------------+------------------------+-----------------+--------------+
| Clock Enable | Synchronous Set/Reset | Asynchronous Set/Reset | Total Registers | Total Slices |
+--------------+-----------------------+------------------------+-----------------+--------------+
| No           | No                    | No                     |               0 |            0 |
| No           | No                    | Yes                    |               0 |            0 |
| No           | Yes                   | No                     |               0 |            0 |
| Yes          | No                    | No                     |              16 |            8 |
| Yes          | No                    | Yes                    |               0 |            0 |
| Yes          | Yes                   | No                     |               8 |            1 |
+--------------+-----------------------+------------------------+-----------------+--------------+


4. Detailed Control Set Information
-----------------------------------

+----------------+----------------+------------------+------------------+----------------+
|  Clock Signal  |  Enable Signal | Set/Reset Signal | Slice Load Count | Bel Load Count |
+----------------+----------------+------------------+------------------+----------------+
|  clk_IBUF_BUFG | y[0]_i_1_n_0   |                  |                1 |              2 |
|  clk_IBUF_BUFG | y[1]_i_1_n_0   |                  |                1 |              2 |
|  clk_IBUF_BUFG | y[6]_i_1_n_0   |                  |                1 |              2 |
|  clk_IBUF_BUFG | y[2]_i_1_n_0   |                  |                1 |              2 |
|  clk_IBUF_BUFG | y[3]_i_1_n_0   |                  |                1 |              2 |
|  clk_IBUF_BUFG | y[7]_i_1_n_0   |                  |                1 |              2 |
|  clk_IBUF_BUFG | y[5]_i_1_n_0   |                  |                1 |              2 |
|  clk_IBUF_BUFG | y[4]_i_1_n_0   |                  |                1 |              2 |
|  clk_IBUF_BUFG | cnt[3]_i_2_n_0 | cnt[3]_i_1_n_0   |                1 |              8 |
+----------------+----------------+------------------+------------------+----------------+


