INFO: [VRFC 10-2263] Analyzing Verilog file "D:/Dokumenty/AiR_rok_3/S6/Systemy_rekonfigurowalne/Operacje_kontekstowe/back_up/ready_hdmi_in/hdmi_vga_zybo.srcs/sources_1/ip/delayLineBRAM/sim/delayLineBRAM.v" into library xil_defaultlib
INFO: [VRFC 10-311] analyzing module delayLineBRAM
INFO: [VRFC 10-2263] Analyzing Verilog file "D:/Dokumenty/AiR_rok_3/S6/Systemy_rekonfigurowalne/Operacje_kontekstowe/back_up/ready_hdmi_in/hdmi_vga_zybo.srcs/sources_1/ip/divider_32_20_0/src/divider_32_20.v" into library xil_defaultlib
INFO: [VRFC 10-311] analyzing module divider_32_20
INFO: [VRFC 10-2263] Analyzing Verilog file "D:/Dokumenty/AiR_rok_3/S6/Systemy_rekonfigurowalne/Operacje_kontekstowe/back_up/ready_hdmi_in/hdmi_vga_zybo.srcs/sources_1/ip/divider_32_20_0/sim/divider_32_20_0.v" into library xil_defaultlib
INFO: [VRFC 10-311] analyzing module divider_32_20_0
INFO: [VRFC 10-2263] Analyzing Verilog file "D:/Dokumenty/AiR_rok_3/S6/Systemy_rekonfigurowalne/Operacje_kontekstowe/back_up/ready_hdmi_in/hdmi_vga_zybo.srcs/sources_1/ip/rgb2ycbcr_v2_0/sim/delay_block.v" into library xil_defaultlib
INFO: [VRFC 10-311] analyzing module delay_block
INFO: [VRFC 10-2263] Analyzing Verilog file "D:/Dokumenty/AiR_rok_3/S6/Systemy_rekonfigurowalne/Operacje_kontekstowe/back_up/ready_hdmi_in/hdmi_vga_zybo.srcs/sources_1/ip/rgb2ycbcr_v2_0/sim/delay_line.v" into library xil_defaultlib
INFO: [VRFC 10-311] analyzing module delay_line
INFO: [VRFC 10-2263] Analyzing Verilog file "D:/Dokumenty/AiR_rok_3/S6/Systemy_rekonfigurowalne/Operacje_kontekstowe/back_up/ready_hdmi_in/hdmi_vga_zybo.srcs/sources_1/ip/rgb2ycbcr_v2_0/sim/rgb2ycbcr_v2.v" into library xil_defaultlib
INFO: [VRFC 10-311] analyzing module rgb2ycbcr_v2
INFO: [VRFC 10-2263] Analyzing Verilog file "D:/Dokumenty/AiR_rok_3/S6/Systemy_rekonfigurowalne/Operacje_kontekstowe/back_up/ready_hdmi_in/hdmi_vga_zybo.srcs/sources_1/ip/rgb2ycbcr_v2_0/sim/rgb2ycbcr_v2_0.v" into library xil_defaultlib
INFO: [VRFC 10-311] analyzing module rgb2ycbcr_v2_0
INFO: [VRFC 10-2263] Analyzing Verilog file "D:/Dokumenty/AiR_rok_3/S6/Systemy_rekonfigurowalne/Operacje_kontekstowe/back_up/ready_hdmi_in/hdmi_vga_zybo.srcs/sources_1/imports/new/centroid.v" into library xil_defaultlib
INFO: [VRFC 10-311] analyzing module centroid
INFO: [VRFC 10-2263] Analyzing Verilog file "D:/Dokumenty/AiR_rok_3/S6/Systemy_rekonfigurowalne/Operacje_kontekstowe/back_up/ready_hdmi_in/hdmi_vga_zybo.srcs/sources_1/imports/sources/delayLinieBRAM_WP.v" into library xil_defaultlib
INFO: [VRFC 10-311] analyzing module delayLinieBRAM_WP
INFO: [VRFC 10-2263] Analyzing Verilog file "D:/Dokumenty/AiR_rok_3/S6/Systemy_rekonfigurowalne/Operacje_kontekstowe/back_up/ready_hdmi_in/hdmi_vga_zybo.srcs/sim_1/imports/tb_src/hdmi_in.v" into library xil_defaultlib
INFO: [VRFC 10-311] analyzing module hdmi_in
INFO: [VRFC 10-2263] Analyzing Verilog file "D:/Dokumenty/AiR_rok_3/S6/Systemy_rekonfigurowalne/Operacje_kontekstowe/back_up/ready_hdmi_in/hdmi_vga_zybo.srcs/sim_1/imports/tb_src/hdmi_out.v" into library xil_defaultlib
INFO: [VRFC 10-311] analyzing module hdmi_out
INFO: [VRFC 10-2263] Analyzing Verilog file "D:/Dokumenty/AiR_rok_3/S6/Systemy_rekonfigurowalne/Operacje_kontekstowe/back_up/ready_hdmi_in/hdmi_vga_zybo.srcs/sources_1/new/median5x5.v" into library xil_defaultlib
INFO: [VRFC 10-311] analyzing module median5x5
INFO: [VRFC 10-2263] Analyzing Verilog file "D:/Dokumenty/AiR_rok_3/S6/Systemy_rekonfigurowalne/Operacje_kontekstowe/back_up/ready_hdmi_in/hdmi_vga_zybo.srcs/sources_1/new/vis_centroid.v" into library xil_defaultlib
INFO: [VRFC 10-311] analyzing module vis_centroid
INFO: [VRFC 10-2263] Analyzing Verilog file "D:/Dokumenty/AiR_rok_3/S6/Systemy_rekonfigurowalne/Operacje_kontekstowe/back_up/ready_hdmi_in/hdmi_vga_zybo.srcs/sources_1/new/vp.v" into library xil_defaultlib
INFO: [VRFC 10-311] analyzing module vp
INFO: [VRFC 10-2263] Analyzing Verilog file "D:/Dokumenty/AiR_rok_3/S6/Systemy_rekonfigurowalne/Operacje_kontekstowe/back_up/ready_hdmi_in/hdmi_vga_zybo.srcs/sim_1/imports/tb_src/tb_hdmi.v" into library xil_defaultlib
INFO: [VRFC 10-311] analyzing module tb_hdmi
