#-----------------------------------------------------------
# Vivado v2018.2 (64-bit)
# SW Build 2258646 on Thu Jun 14 20:03:12 MDT 2018
# IP Build 2256618 on Thu Jun 14 22:10:49 MDT 2018
# Start of session at: Thu Mar 25 01:25:34 2021
# Process ID: 13024
# Current directory: D:/Dokumenty/AiR_rok_3/S6/Systemy_rekonfigurowalne/Wstep_do_konfigurowania_struktury_FPGA/moduloN
# Command line: vivado.exe -gui_launcher_event rodinguilauncherevent12528 D:\Dokumenty\AiR_rok_3\S6\Systemy_rekonfigurowalne\Wstep_do_konfigurowania_struktury_FPGA\moduloN\moduloN.xpr
# Log file: D:/Dokumenty/AiR_rok_3/S6/Systemy_rekonfigurowalne/Wstep_do_konfigurowania_struktury_FPGA/moduloN/vivado.log
# Journal file: D:/Dokumenty/AiR_rok_3/S6/Systemy_rekonfigurowalne/Wstep_do_konfigurowania_struktury_FPGA/moduloN\vivado.jou
#-----------------------------------------------------------
start_gui
open_project D:/Dokumenty/AiR_rok_3/S6/Systemy_rekonfigurowalne/Wstep_do_konfigurowania_struktury_FPGA/moduloN/moduloN.xpr
INFO: [ProjectBase 1-489] The host OS only allows 260 characters in a normal path. The project is stored in a path with more than 80 characters. If you experience issues with IP, Block Designs, or files not being found, please consider moving the project to a location with a shorter path. Alternately consider using the OS subst command to map part of the path to a drive letter.
Current project path is 'D:/Dokumenty/AiR_rok_3/S6/Systemy_rekonfigurowalne/Wstep_do_konfigurowania_struktury_FPGA/moduloN'
Scanning sources...
Finished scanning sources
INFO: [IP_Flow 19-234] Refreshing IP repositories
INFO: [IP_Flow 19-1704] No user IP repositories specified
INFO: [IP_Flow 19-2313] Loaded Vivado IP repository 'D:/Tools/Vivado/2018.2/data/ip'.
INFO: [Common 17-41] Interrupt caught. Command should exit soon.
INFO: [Common 17-344] 'open_project' was cancelled
exit
INFO: [Common 17-206] Exiting Vivado at Thu Mar 25 01:39:40 2021...
